0 silly argv {
0 silly argv   _: [ 'version' ],
0 silly argv   'conventional-commits': true,
0 silly argv   conventionalCommits: true,
0 silly argv   'conventional-graduate': true,
0 silly argv   conventionalGraduate: true,
0 silly argv   'create-release': 'github',
0 silly argv   createRelease: 'github',
0 silly argv   m: 'chore(release): publish',
0 silly argv   message: 'chore(release): publish',
0 silly argv   private: false,
0 silly argv   exact: true,
0 silly argv   lernaVersion: '6.0.3',
0 silly argv   '$0': '/Users/shawntompke/Documents/code-projects/testing-lerna/node_modules/.bin/lerna'
0 silly argv }
1 notice cli v6.0.3
2 verbose rootPath /Users/shawntompke/Documents/code-projects/testing-lerna
3 silly createGitHubClient
4 error Error: A GH_TOKEN environment variable is required.
4 error     at createGitHubClient (/Users/shawntompke/Documents/code-projects/testing-lerna/node_modules/@lerna/github-client/lib/github-client.js:17:11)
4 error     at createReleaseClient (/Users/shawntompke/Documents/code-projects/testing-lerna/node_modules/@lerna/version/lib/create-release.js:20:14)
4 error     at VersionCommand.configureProperties (/Users/shawntompke/Documents/code-projects/testing-lerna/node_modules/@lerna/version/index.js:83:58)
